24-May-2024 03:01:56.334 INFO [main] org.apache.catalina.startup.VersionLoggerListener.log Имя версии сервера:    Apache Tomcat/8.5.100
24-May-2024 03:01:56.338 INFO [main] org.apache.catalina.startup.VersionLoggerListener.log Сервер собран:         Mar 19 2024 13:54:42 UTC
24-May-2024 03:01:56.339 INFO [main] org.apache.catalina.startup.VersionLoggerListener.log Номер версии сервера:  8.5.100.0
24-May-2024 03:01:56.339 INFO [main] org.apache.catalina.startup.VersionLoggerListener.log OS Name:               Windows 10
24-May-2024 03:01:56.339 INFO [main] org.apache.catalina.startup.VersionLoggerListener.log Версия ОС:             10.0
24-May-2024 03:01:56.339 INFO [main] org.apache.catalina.startup.VersionLoggerListener.log Архитектура:           amd64
24-May-2024 03:01:56.339 INFO [main] org.apache.catalina.startup.VersionLoggerListener.log Java Home:             C:\Users\Kasie1\.jdks\corretto-15.0.2
24-May-2024 03:01:56.339 INFO [main] org.apache.catalina.startup.VersionLoggerListener.log Версия JVM:            15.0.2+7
24-May-2024 03:01:56.339 INFO [main] org.apache.catalina.startup.VersionLoggerListener.log Производитель JVM:     Amazon.com Inc.
24-May-2024 03:01:56.339 INFO [main] org.apache.catalina.startup.VersionLoggerListener.log CATALINA_BASE:         C:\Users\Kasie1\IdeaProjects\OOPSERVLETS_LAB2
24-May-2024 03:01:56.339 INFO [main] org.apache.catalina.startup.VersionLoggerListener.log CATALINA_HOME:         C:\Users\Kasie1\Desktop\Apache\apache-tomcat-8.5.100
24-May-2024 03:01:56.340 INFO [main] org.apache.catalina.startup.VersionLoggerListener.log Command line argument: --add-opens=java.base/java.lang=ALL-UNNAMED
24-May-2024 03:01:56.340 INFO [main] org.apache.catalina.startup.VersionLoggerListener.log Command line argument: --add-opens=java.base/java.io=ALL-UNNAMED
24-May-2024 03:01:56.340 INFO [main] org.apache.catalina.startup.VersionLoggerListener.log Command line argument: --add-opens=java.base/java.util=ALL-UNNAMED
24-May-2024 03:01:56.340 INFO [main] org.apache.catalina.startup.VersionLoggerListener.log Command line argument: --add-opens=java.base/java.util.concurrent=ALL-UNNAMED
24-May-2024 03:01:56.340 INFO [main] org.apache.catalina.startup.VersionLoggerListener.log Command line argument: --add-opens=java.rmi/sun.rmi.transport=ALL-UNNAMED
24-May-2024 03:01:56.340 INFO [main] org.apache.catalina.startup.VersionLoggerListener.log Command line argument: -Dcatalina.home=C:\Users\Kasie1\Desktop\Apache\apache-tomcat-8.5.100
24-May-2024 03:01:56.341 INFO [main] org.apache.catalina.startup.VersionLoggerListener.log Command line argument: -Dcatalina.base=C:\Users\Kasie1\IdeaProjects\OOPSERVLETS_LAB2
24-May-2024 03:01:56.341 INFO [main] org.apache.catalina.startup.VersionLoggerListener.log Command line argument: -Djava.io.tmpdir=C:\Users\Kasie1\IdeaProjects\OOPSERVLETS_LAB2\temp
24-May-2024 03:01:56.341 INFO [main] org.apache.catalina.startup.VersionLoggerListener.log Command line argument: -Djava.util.logging.config.file=C:\Users\Kasie1\IdeaProjects\OOPSERVLETS_LAB2\conf\logging.properties
24-May-2024 03:01:56.341 INFO [main] org.apache.catalina.startup.VersionLoggerListener.log Command line argument: -Djava.util.logging.manager=org.apache.juli.ClassLoaderLogManager
24-May-2024 03:01:56.341 INFO [main] org.apache.catalina.startup.VersionLoggerListener.log Command line argument: -javaagent:C:\Program Files\JetBrains\IntelliJ IDEA 2024.1.1\lib\idea_rt.jar=62935:C:\Program Files\JetBrains\IntelliJ IDEA 2024.1.1\bin
24-May-2024 03:01:56.341 INFO [main] org.apache.catalina.startup.VersionLoggerListener.log Command line argument: -Dfile.encoding=UTF-8
24-May-2024 03:01:56.341 INFO [main] org.apache.catalina.core.AprLifecycleListener.lifecycleEvent The Apache Tomcat Native library which allows using OpenSSL was not found on the java.library.path: [C:\Users\Kasie1\.jdks\corretto-15.0.2\bin;C:\WINDOWS\Sun\Java\bin;C:\WINDOWS\system32;C:\WINDOWS;C:\Users\Kasie1\gcc\bin;C:\Users\Kasie1\gcc\libexec\gcc\x86_64-w64-mingw32\13.2.0;C:\Program Files (x86)\Common Files\Intel\Shared Libraries\redist\intel64_win\compiler;C:\WINDOWS\system32;C:\WINDOWS;C:\WINDOWS\System32\Wbem;C:\WINDOWS\System32\WindowsPowerShell\v1.0\;C:\WINDOWS\System32\OpenSSH\;C:\Program Files\dotnet\;C:\Program Files\Git\cmd;C:\Program Files\Microsoft SQL Server\150\Tools\Binn\;C:\Program Files\Microsoft SQL Server\Client SDK\ODBC\170\Tools\Binn\;C:\Users\Kasie1\AppData\Local\Microsoft\WindowsApps;C:\Users\Kasie1\.dotnet\tools;C:\Users\Kasie1\AppData\Local\Programs\Microsoft VS Code\bin;C:\Users\Kasie1\gcc\bin;;.]
24-May-2024 03:01:56.385 INFO [main] org.apache.coyote.AbstractProtocol.init Инициализация ProtocolHandler ["http-nio-8080"]
24-May-2024 03:01:56.402 INFO [main] org.apache.catalina.startup.Catalina.load Initialization processed in 514 ms
24-May-2024 03:01:56.450 INFO [main] org.apache.catalina.core.StandardService.startInternal Starting service [Catalina]
24-May-2024 03:01:56.450 INFO [main] org.apache.catalina.core.StandardEngine.startInternal Starting Servlet engine: [Apache Tomcat/8.5.100]
24-May-2024 03:01:56.458 INFO [localhost-startStop-1] org.apache.catalina.startup.HostConfig.deployDescriptor Deploying deployment descriptor [C:\Users\Kasie1\IdeaProjects\OOPSERVLETS_LAB2\conf\Catalina\localhost\OOPSERVLETS_LAB2.xml]
24-May-2024 03:01:56.783 INFO [localhost-startStop-1] org.apache.jasper.servlet.TldScanner.scanJars At least one JAR was scanned for TLDs yet contained no TLDs. Enable debug logging for this logger for a complete list of JARs that were scanned but no TLDs were found in them. Skipping unneeded JARs during scanning can improve startup time and JSP compilation time.
24-May-2024 03:01:56.861 INFO [localhost-startStop-1] org.apache.catalina.startup.HostConfig.deployDescriptor Deployment of deployment descriptor [C:\Users\Kasie1\IdeaProjects\OOPSERVLETS_LAB2\conf\Catalina\localhost\OOPSERVLETS_LAB2.xml] has finished in [401] ms
24-May-2024 03:01:56.862 INFO [main] org.apache.coyote.AbstractProtocol.start Starting ProtocolHandler ["http-nio-8080"]
24-May-2024 03:01:56.916 INFO [main] org.apache.catalina.startup.Catalina.start Server startup in 514 ms
24-May-2024 03:14:54.833 INFO [Thread-1] org.apache.coyote.AbstractProtocol.pause Pausing ProtocolHandler ["http-nio-8080"]
24-May-2024 03:14:54.839 INFO [Thread-1] org.apache.catalina.core.StandardService.stopInternal Stopping service [Catalina]
24-May-2024 03:14:54.856 INFO [Thread-1] org.apache.coyote.AbstractProtocol.stop Stopping ProtocolHandler ["http-nio-8080"]
24-May-2024 03:14:54.867 INFO [Thread-1] org.apache.coyote.AbstractProtocol.destroy Destroying ProtocolHandler ["http-nio-8080"]
